app/build/intermediates/manifest_merge_blame_file/debug/manifest-merger-blame-debug-report.txt
1<?xml version="1.0" encoding="utf-8"?>
2<!--
3    Copyright (C) 2011 The Android Open Source Project.
4
5    Licensed under the Apache License, Version 2.0 (the "License");
6    you may not use this file except in compliance with the License.
7    You may obtain a copy of the License at
8
9        http://www.apache.org/licenses/LICENSE-2.0
10
11    Unless required by applicable law or agreed to in writing, software
12    distributed under the License is distributed on an "AS IS" BASIS,
13    WITHOUT WARRANTIES OR CONDITIONS OF ANY KIND, either express or implied.
14    See the License for the specific language governing permissions and
15    limitations under the License.
16-->
17<manifest xmlns:android="http://schemas.android.com/apk/res/android"
18    package="com.example.android.opengl"
19    android:versionCode="1"
20    android:versionName="1.0" >
21
22    <uses-sdk
22-->src/main/AndroidManifest.xml:23:5-25:45
23        android:minSdkVersion="8"
23-->src/main/AndroidManifest.xml:24:13-38
24        android:targetSdkVersion="17" />
24-->src/main/AndroidManifest.xml:25:13-42
25
26    <!-- Tell the system this app requires OpenGL ES 2.0. -->
27    <uses-feature
27-->src/main/AndroidManifest.xml:28:5-78
28        android:glEsVersion="0x00020000"
28-->src/main/AndroidManifest.xml:28:19-51
29        android:required="true" />
29-->src/main/AndroidManifest.xml:28:52-75
30
31    <application
31-->src/main/AndroidManifest.xml:30:5-42:19
32        android:allowBackup="true"
32-->src/main/AndroidManifest.xml:33:13-39
33        android:debuggable="true"
34        android:icon="@drawable/ic_launcher"
34-->src/main/AndroidManifest.xml:31:13-49
35        android:label="@string/app_name"
35-->src/main/AndroidManifest.xml:32:13-45
36        android:testOnly="true" >
37        <activity
37-->src/main/AndroidManifest.xml:34:9-41:20
38            android:name="com.example.android.opengl.OpenGLES20Activity"
38-->src/main/AndroidManifest.xml:35:17-77
39            android:label="@string/app_name" >
39-->src/main/AndroidManifest.xml:36:17-49
40            <intent-filter>
40-->src/main/AndroidManifest.xml:37:13-40:29
41                <action android:name="android.intent.action.MAIN" />
41-->src/main/AndroidManifest.xml:38:17-69
41-->src/main/AndroidManifest.xml:38:25-66
42
43                <category android:name="android.intent.category.LAUNCHER" />
43-->src/main/AndroidManifest.xml:39:17-77
43-->src/main/AndroidManifest.xml:39:27-74
44            </intent-filter>
45        </activity>
46    </application>
47
48</manifest>